<?xml version="1.0" encoding="UTF-8"?>
<!-- Generated by org.testng.reporters.JUnitReportReporter -->
<testsuite hostname="DESKTOP-F4FS68I" failures="0" tests="2" name="Avigma.IPL.Test.WorkOrderCreate" time="132.295" errors="0" timestamp="2024-05-18T19:09:41 IST" skipped="0">
  <testcase classname="Avigma.IPL.Test.WorkOrderCreate" name="OfficeResultBidAddTasks" time="65.300"/>
  <system-out/>
  <testcase classname="Avigma.IPL.Test.WorkOrderCreate" name="CreateWorkOrder" time="66.995"/>
  <system-out/>
</testsuite> <!-- Avigma.IPL.Test.WorkOrderCreate -->
